# JRE version: OpenJDK Runtime Environment (8.0_152-b06) (build 1.8.0_152-release-1136-b06)
# Java VM: OpenJDK 64-Bit Server VM (25.152-b06 mixed mode windows-amd64 compressed oops)
Heap:
 PSYoungGen      total 435712K, used 9684K [0x00000000e0000000, 0x00000000fdf80000, 0x0000000100000000)
  eden space 381440K, 0% used [0x00000000e0000000,0x00000000e0000000,0x00000000f7480000)
  from space 54272K, 17% used [0x00000000faa80000,0x00000000fb3f50f8,0x00000000fdf80000)
  to   space 54784K, 0% used [0x00000000f7480000,0x00000000f7480000,0x00000000faa00000)
 ParOldGen       total 176640K, used 123952K [0x00000000a0000000, 0x00000000aac80000, 0x00000000e0000000)
  object space 176640K, 70% used [0x00000000a0000000,0x00000000a790c048,0x00000000aac80000)
 Metaspace       used 102439K, capacity 105072K, committed 105472K, reserved 1142784K
  class space    used 11773K, capacity 12431K, committed 12544K, reserved 1048576K
GC Heap History (10 events):
Event: 545.639 GC heap after
Heap after GC invocations=32 (full 6):
 PSYoungGen      total 330240K, used 45485K [0x00000000e0000000, 0x00000000f8300000, 0x0000000100000000)
  eden space 273408K, 0% used [0x00000000e0000000,0x00000000e0000000,0x00000000f0b00000)
  from space 56832K, 80% used [0x00000000f4800000,0x00000000f746b478,0x00000000f7f80000)
  to   space 61440K, 0% used [0x00000000f0b00000,0x00000000f0b00000,0x00000000f4700000)
 ParOldGen       total 176640K, used 80142K [0x00000000a0000000, 0x00000000aac80000, 0x00000000e0000000)
  object space 176640K, 45% used [0x00000000a0000000,0x00000000a4e43ac0,0x00000000aac80000)
 Metaspace       used 85830K, capacity 87968K, committed 93312K, reserved 1132544K
  class space    used 9889K, capacity 10439K, committed 11136K, reserved 1048576K
}
Event: 2270.495 GC heap before
{Heap before GC invocations=33 (full 6):
 PSYoungGen      total 330240K, used 318893K [0x00000000e0000000, 0x00000000f8300000, 0x0000000100000000)
  eden space 273408K, 100% used [0x00000000e0000000,0x00000000f0b00000,0x00000000f0b00000)
  from space 56832K, 80% used [0x00000000f4800000,0x00000000f746b478,0x00000000f7f80000)
  to   space 61440K, 0% used [0x00000000f0b00000,0x00000000f0b00000,0x00000000f4700000)
 ParOldGen       total 176640K, used 80142K [0x00000000a0000000, 0x00000000aac80000, 0x00000000e0000000)
  object space 176640K, 45% used [0x00000000a0000000,0x00000000a4e43ac0,0x00000000aac80000)
 Metaspace       used 87645K, capacity 89894K, committed 93312K, reserved 1132544K
  class space    used 10033K, capacity 10586K, committed 11136K, reserved 1048576K
Event: 2278.354 GC heap after
Heap after GC invocations=33 (full 6):
 PSYoungGen      total 334848K, used 12614K [0x00000000e0000000, 0x00000000fab80000, 0x0000000100000000)
  eden space 273408K, 0% used [0x00000000e0000000,0x00000000e0000000,0x00000000f0b00000)
  from space 61440K, 20% used [0x00000000f0b00000,0x00000000f17519a0,0x00000000f4700000)
  to   space 60416K, 0% used [0x00000000f7080000,0x00000000f7080000,0x00000000fab80000)
 ParOldGen       total 176640K, used 119375K [0x00000000a0000000, 0x00000000aac80000, 0x00000000e0000000)
  object space 176640K, 67% used [0x00000000a0000000,0x00000000a7493cc0,0x00000000aac80000)
 Metaspace       used 87645K, capacity 89894K, committed 93312K, reserved 1132544K
  class space    used 10033K, capacity 10586K, committed 11136K, reserved 1048576K
}
Event: 2283.543 GC heap before
{Heap before GC invocations=34 (full 6):
 PSYoungGen      total 334848K, used 286022K [0x00000000e0000000, 0x00000000fab80000, 0x0000000100000000)
  eden space 273408K, 100% used [0x00000000e0000000,0x00000000f0b00000,0x00000000f0b00000)
  from space 61440K, 20% used [0x00000000f0b00000,0x00000000f17519a0,0x00000000f4700000)
  to   space 60416K, 0% used [0x00000000f7080000,0x00000000f7080000,0x00000000fab80000)
 ParOldGen       total 176640K, used 119375K [0x00000000a0000000, 0x00000000aac80000, 0x00000000e0000000)
  object space 176640K, 67% used [0x00000000a0000000,0x00000000a7493cc0,0x00000000aac80000)
 Metaspace       used 94168K, capacity 96422K, committed 96768K, reserved 1134592K
  class space    used 10825K, capacity 11402K, committed 11520K, reserved 1048576K
Event: 2283.878 GC heap after
Heap after GC invocations=34 (full 6):
 PSYoungGen      total 380416K, used 21122K [0x00000000e0000000, 0x00000000fb380000, 0x0000000100000000)
  eden space 320000K, 0% used [0x00000000e0000000,0x00000000e0000000,0x00000000f3880000)
  from space 60416K, 34% used [0x00000000f7080000,0x00000000f8520ad0,0x00000000fab80000)
  to   space 57344K, 0% used [0x00000000f3880000,0x00000000f3880000,0x00000000f7080000)
 ParOldGen       total 176640K, used 120743K [0x00000000a0000000, 0x00000000aac80000, 0x00000000e0000000)
  object space 176640K, 68% used [0x00000000a0000000,0x00000000a75e9da8,0x00000000aac80000)
 Metaspace       used 94168K, capacity 96422K, committed 96768K, reserved 1134592K
  class space    used 10825K, capacity 11402K, committed 11520K, reserved 1048576K
}
Event: 2742.609 GC heap before
{Heap before GC invocations=35 (full 6):
 PSYoungGen      total 380416K, used 340447K [0x00000000e0000000, 0x00000000fb380000, 0x0000000100000000)
  eden space 320000K, 99% used [0x00000000e0000000,0x00000000f37d7480,0x00000000f3880000)
  from space 60416K, 34% used [0x00000000f7080000,0x00000000f8520ad0,0x00000000fab80000)
  to   space 57344K, 0% used [0x00000000f3880000,0x00000000f3880000,0x00000000f7080000)
 ParOldGen       total 176640K, used 120743K [0x00000000a0000000, 0x00000000aac80000, 0x00000000e0000000)
  object space 176640K, 68% used [0x00000000a0000000,0x00000000a75e9da8,0x00000000aac80000)
 Metaspace       used 96149K, capacity 98704K, committed 99072K, reserved 1136640K
  class space    used 11003K, capacity 11653K, committed 11776K, reserved 1048576K
Event: 2742.749 GC heap after
Heap after GC invocations=35 (full 6):
 PSYoungGen      total 377344K, used 16878K [0x00000000e0000000, 0x00000000fe080000, 0x0000000100000000)
  eden space 320000K, 0% used [0x00000000e0000000,0x00000000e0000000,0x00000000f3880000)
  from space 57344K, 29% used [0x00000000f3880000,0x00000000f48fbbe0,0x00000000f7080000)
  to   space 55296K, 0% used [0x00000000faa80000,0x00000000faa80000,0x00000000fe080000)
 ParOldGen       total 176640K, used 123216K [0x00000000a0000000, 0x00000000aac80000, 0x00000000e0000000)
  object space 176640K, 69% used [0x00000000a0000000,0x00000000a7854028,0x00000000aac80000)
 Metaspace       used 96149K, capacity 98704K, committed 99072K, reserved 1136640K
  class space    used 11003K, capacity 11653K, committed 11776K, reserved 1048576K
}
Event: 4140.998 GC heap before
{Heap before GC invocations=36 (full 6):
 PSYoungGen      total 377344K, used 303952K [0x00000000e0000000, 0x00000000fe080000, 0x0000000100000000)
  eden space 320000K, 89% used [0x00000000e0000000,0x00000000f1858688,0x00000000f3880000)
  from space 57344K, 29% used [0x00000000f3880000,0x00000000f48fbbe0,0x00000000f7080000)
  to   space 55296K, 0% used [0x00000000faa80000,0x00000000faa80000,0x00000000fe080000)
 ParOldGen       total 176640K, used 123216K [0x00000000a0000000, 0x00000000aac80000, 0x00000000e0000000)
  object space 176640K, 69% used [0x00000000a0000000,0x00000000a7854028,0x00000000aac80000)
 Metaspace       used 102439K, capacity 105072K, committed 105472K, reserved 1142784K
  class space    used 11773K, capacity 12431K, committed 12544K, reserved 1048576K
Event: 4148.399 GC heap after
Heap after GC invocations=36 (full 6):
 PSYoungGen      total 435712K, used 9684K [0x00000000e0000000, 0x00000000fdf80000, 0x0000000100000000)
  eden space 381440K, 0% used [0x00000000e0000000,0x00000000e0000000,0x00000000f7480000)
  from space 54272K, 17% used [0x00000000faa80000,0x00000000fb3f50f8,0x00000000fdf80000)
  to   space 54784K, 0% used [0x00000000f7480000,0x00000000f7480000,0x00000000faa00000)
 ParOldGen       total 176640K, used 123952K [0x00000000a0000000, 0x00000000aac80000, 0x00000000e0000000)
  object space 176640K, 70% used [0x00000000a0000000,0x00000000a790c048,0x00000000aac80000)
 Metaspace       used 102439K, capacity 105072K, committed 105472K, reserved 1142784K
  class space    used 11773K, capacity 12431K, committed 12544K, reserved 1048576K
}
Event: 4148.399 GC heap before
{Heap before GC invocations=37 (full 7):
 PSYoungGen      total 435712K, used 9684K [0x00000000e0000000, 0x00000000fdf80000, 0x0000000100000000)
  eden space 381440K, 0% used [0x00000000e0000000,0x00000000e0000000,0x00000000f7480000)
  from space 54272K, 17% used [0x00000000faa80000,0x00000000fb3f50f8,0x00000000fdf80000)
  to   space 54784K, 0% used [0x00000000f7480000,0x00000000f7480000,0x00000000faa00000)
 ParOldGen       total 176640K, used 123952K [0x00000000a0000000, 0x00000000aac80000, 0x00000000e0000000)
  object space 176640K, 70% used [0x00000000a0000000,0x00000000a790c048,0x00000000aac80000)
 Metaspace       used 102439K, capacity 105072K, committed 105472K, reserved 1142784K
  class space    used 11773K, capacity 12431K, committed 12544K, reserved 1048576K

